<?xml version="1.0" encoding="UTF-8"?>
<testsuites>
  <testsuite name="BackstopJS" tests="100" failures="0" errors="0" skipped="0">
    <testcase classname=".spectrum-CSSExample-example" name=" ›› actionbar-light-medium"/>
    <testcase classname=".spectrum-CSSExample-example.__n1" name=" ›› actionbar-light-medium"/>
    <testcase classname=".spectrum-CSSExample-example.__n2" name=" ›› actionbar-light-medium"/>
    <testcase classname=".spectrum-CSSExample-example" name=" ›› actionmenu-light-medium"/>
    <testcase classname=".spectrum-CSSExample-example" name=" ›› alert-light-medium"/>
    <testcase classname=".spectrum-CSSExample-example.__n1" name=" ›› alert-light-medium"/>
    <testcase classname=".spectrum-CSSExample-example.__n2" name=" ›› alert-light-medium"/>
    <testcase classname=".spectrum-CSSExample-example.__n3" name=" ›› alert-light-medium"/>
    <testcase classname=".spectrum-CSSExample-example.__n4" name=" ›› alert-light-medium"/>
    <testcase classname=".spectrum-CSSExample-example.__n5" name=" ›› alert-light-medium"/>
    <testcase classname=".spectrum-CSSExample-example" name=" ›› breadcrumb-light-medium"/>
    <testcase classname=".spectrum-CSSExample-example.__n1" name=" ›› breadcrumb-light-medium"/>
    <testcase classname=".spectrum-CSSExample-example.__n2" name=" ›› breadcrumb-light-medium"/>
    <testcase classname=".spectrum-CSSExample-example.__n3" name=" ›› breadcrumb-light-medium"/>
    <testcase classname=".spectrum-CSSExample-example.__n4" name=" ›› breadcrumb-light-medium"/>
    <testcase classname=".spectrum-CSSExample-example.__n5" name=" ›› breadcrumb-light-medium"/>
    <testcase classname=".spectrum-CSSExample-example.__n6" name=" ›› breadcrumb-light-medium"/>
    <testcase classname=".spectrum-CSSExample-example.__n7" name=" ›› breadcrumb-light-medium"/>
    <testcase classname=".spectrum-CSSExample-example.__n8" name=" ›› breadcrumb-light-medium"/>
    <testcase classname=".spectrum-CSSExample-example.__n9" name=" ›› breadcrumb-light-medium"/>
    <testcase classname=".spectrum-CSSExample-example.__n10" name=" ›› breadcrumb-light-medium"/>
    <testcase classname=".spectrum-CSSExample-example.__n11" name=" ›› breadcrumb-light-medium"/>
    <testcase classname=".spectrum-CSSExample-example" name=" ›› button-cta-light-medium"/>
    <testcase classname=".spectrum-CSSExample-example" name=" ›› button-over-background-light-medium"/>
    <testcase classname=".spectrum-CSSExample-example.__n1" name=" ›› button-over-background-light-medium"/>
    <testcase classname=".spectrum-CSSExample-example" name=" ›› button-primary-light-medium"/>
    <testcase classname=".spectrum-CSSExample-example.__n1" name=" ›› button-primary-light-medium"/>
    <testcase classname=".spectrum-CSSExample-example" name=" ›› button-secondary-light-medium"/>
    <testcase classname=".spectrum-CSSExample-example.__n1" name=" ›› button-secondary-light-medium"/>
    <testcase classname=".spectrum-CSSExample-example" name=" ›› button-warning-light-medium"/>
    <testcase classname=".spectrum-CSSExample-example.__n1" name=" ›› button-warning-light-medium"/>
    <testcase classname=".spectrum-CSSExample-example" name=" ›› buttongroup-light-medium"/>
    <testcase classname=".spectrum-CSSExample-example.__n1" name=" ›› buttongroup-light-medium"/>
    <testcase classname=".spectrum-CSSExample-example" name=" ›› calendar-light-medium"/>
    <testcase classname=".spectrum-CSSExample-example.__n1" name=" ›› calendar-light-medium"/>
    <testcase classname=".spectrum-CSSExample-example.__n2" name=" ›› calendar-light-medium"/>
    <testcase classname=".spectrum-CSSExample-example.__n3" name=" ›› calendar-light-medium"/>
    <testcase classname=".spectrum-CSSExample-example.__n4" name=" ›› calendar-light-medium"/>
    <testcase classname=".spectrum-CSSExample-example" name=" ›› card-light-medium"/>
    <testcase classname=".spectrum-CSSExample-example.__n1" name=" ›› card-light-medium"/>
    <testcase classname=".spectrum-CSSExample-example.__n2" name=" ›› card-light-medium"/>
    <testcase classname=".spectrum-CSSExample-example.__n3" name=" ›› card-light-medium"/>
    <testcase classname=".spectrum-CSSExample-example.__n4" name=" ›› card-light-medium"/>
    <testcase classname=".spectrum-CSSExample-example.__n5" name=" ›› card-light-medium"/>
    <testcase classname=".spectrum-CSSExample-example.__n6" name=" ›› card-light-medium"/>
    <testcase classname=".spectrum-CSSExample-example.__n7" name=" ›› card-light-medium"/>
    <testcase classname=".spectrum-CSSExample-example.__n8" name=" ›› card-light-medium"/>
    <testcase classname=".spectrum-CSSExample-example" name=" ›› card-asset-light-medium"/>
    <testcase classname=".spectrum-CSSExample-example" name=" ›› card-gallery-light-medium"/>
    <testcase classname=".spectrum-CSSExample-example" name=" ›› cyclebutton-light-medium"/>
    <testcase classname=".spectrum-CSSExample-example" name=" ›› dialog-light-medium"/>
    <testcase classname=".spectrum-CSSExample-example.__n1" name=" ›› dialog-light-medium"/>
    <testcase classname=".spectrum-CSSExample-example.__n2" name=" ›› dialog-light-medium"/>
    <testcase classname=".spectrum-CSSExample-example.__n3" name=" ›› dialog-light-medium"/>
    <testcase classname=".spectrum-CSSExample-example.__n4" name=" ›› dialog-light-medium"/>
    <testcase classname=".spectrum-CSSExample-example.__n5" name=" ›› dialog-light-medium"/>
    <testcase classname=".spectrum-CSSExample-example.__n6" name=" ›› dialog-light-medium"/>
    <testcase classname=".spectrum-CSSExample-example.__n7" name=" ›› dialog-light-medium"/>
    <testcase classname=".spectrum-CSSExample-example.__n8" name=" ›› dialog-light-medium"/>
    <testcase classname=".spectrum-CSSExample-example.__n9" name=" ›› dialog-light-medium"/>
    <testcase classname=".spectrum-CSSExample-example.__n10" name=" ›› dialog-light-medium"/>
    <testcase classname=".spectrum-CSSExample-example.__n11" name=" ›› dialog-light-medium"/>
    <testcase classname=".spectrum-CSSExample-example.__n12" name=" ›› dialog-light-medium"/>
    <testcase classname=".spectrum-CSSExample-example.__n13" name=" ›› dialog-light-medium"/>
    <testcase classname=".spectrum-CSSExample-example.__n14" name=" ›› dialog-light-medium"/>
    <testcase classname=".spectrum-CSSExample-example.__n15" name=" ›› dialog-light-medium"/>
    <testcase classname=".spectrum-CSSExample-example" name=" ›› dropdown-light-medium"/>
    <testcase classname=".spectrum-CSSExample-example.__n1" name=" ›› dropdown-light-medium"/>
    <testcase classname=".spectrum-CSSExample-example" name=" ›› pagination-button-style-light-medium"/>
    <testcase classname=".spectrum-CSSExample-example.__n1" name=" ›› pagination-button-style-light-medium"/>
    <testcase classname=".spectrum-CSSExample-example.__n2" name=" ›› pagination-button-style-light-medium"/>
    <testcase classname=".spectrum-CSSExample-example" name=" ›› pagination-explicit-light-medium"/>
    <testcase classname=".spectrum-CSSExample-example" name=" ›› pagination-listing-light-medium"/>
    <testcase classname=".spectrum-CSSExample-example" name=" ›› popover-light-medium"/>
    <testcase classname=".spectrum-CSSExample-example.__n1" name=" ›› popover-light-medium"/>
    <testcase classname=".spectrum-CSSExample-example" name=" ›› quickaction-light-medium"/>
    <testcase classname=".spectrum-CSSExample-example" name=" ›› rule-light-medium"/>
    <testcase classname=".spectrum-CSSExample-example.__n1" name=" ›› rule-light-medium"/>
    <testcase classname=".spectrum-CSSExample-example.__n2" name=" ›› rule-light-medium"/>
    <testcase classname=".spectrum-CSSExample-example.__n3" name=" ›› rule-light-medium"/>
    <testcase classname=".spectrum-CSSExample-example.__n4" name=" ›› rule-light-medium"/>
    <testcase classname=".spectrum-CSSExample-example" name=" ›› search-light-medium"/>
    <testcase classname=".spectrum-CSSExample-example.__n1" name=" ›› search-light-medium"/>
    <testcase classname=".spectrum-CSSExample-example" name=" ›› searchwithin-light-medium"/>
    <testcase classname=".spectrum-CSSExample-example" name=" ›› splitbutton-light-medium"/>
    <testcase classname=".spectrum-CSSExample-example.__n1" name=" ›› splitbutton-light-medium"/>
    <testcase classname=".spectrum-CSSExample-example.__n2" name=" ›› splitbutton-light-medium"/>
    <testcase classname=".spectrum-CSSExample-example" name=" ›› stepper-light-medium"/>
    <testcase classname=".spectrum-CSSExample-example.__n1" name=" ›› stepper-light-medium"/>
    <testcase classname=".spectrum-CSSExample-example" name=" ›› tags-light-medium"/>
    <testcase classname=".spectrum-CSSExample-example.__n1" name=" ›› tags-light-medium"/>
    <testcase classname=".spectrum-CSSExample-example" name=" ›› toast-light-medium"/>
    <testcase classname=".spectrum-CSSExample-example.__n1" name=" ›› toast-light-medium"/>
    <testcase classname=".spectrum-CSSExample-example.__n2" name=" ›› toast-light-medium"/>
    <testcase classname=".spectrum-CSSExample-example.__n3" name=" ›› toast-light-medium"/>
    <testcase classname=".spectrum-CSSExample-example.__n4" name=" ›› toast-light-medium"/>
    <testcase classname=".spectrum-CSSExample-example.__n5" name=" ›› toast-light-medium"/>
    <testcase classname=".spectrum-CSSExample-example.__n6" name=" ›› toast-light-medium"/>
    <testcase classname=".spectrum-CSSExample-example.__n7" name=" ›› toast-light-medium"/>
    <testcase classname=".spectrum-CSSExample-example.__n8" name=" ›› toast-light-medium"/>
  </testsuite>
</testsuites>