<?xml version="1.0" encoding="UTF-8"?>
<testsuites>
  <testsuite name="BackstopJS" tests="3" failures="3" errors="3" skipped="0">
    <testcase classname=".spectrum-CSSExample-example" name=" ›› actionbar-light-medium">
      <failure message="Design deviation ›› actionbar-light-medium (.spectrum-CSSExample-example) component"/>
      <error message="Design deviation ›› actionbar-light-medium (.spectrum-CSSExample-example) component"/>
    </testcase>
    <testcase classname=".spectrum-CSSExample-example.__n1" name=" ›› actionbar-light-medium">
      <failure message="Design deviation ›› actionbar-light-medium (.spectrum-CSSExample-example.__n1) component"/>
      <error message="Design deviation ›› actionbar-light-medium (.spectrum-CSSExample-example.__n1) component"/>
    </testcase>
    <testcase classname=".spectrum-CSSExample-example.__n2" name=" ›› actionbar-light-medium">
      <failure message="Design deviation ›› actionbar-light-medium (.spectrum-CSSExample-example.__n2) component"/>
      <error message="Design deviation ›› actionbar-light-medium (.spectrum-CSSExample-example.__n2) component"/>
    </testcase>
  </testsuite>
</testsuites>